<?xml version="1.0" encoding="UTF-8"?>
<!-- Generated by org.testng.reporters.JUnitReportReporter -->
<testsuite skipped="0" hostname="OM-PC" name="cucumberOptions.TestRunner" tests="2" failures="0" timestamp="28 Apr 2020 10:33:16 GMT" time="47.436" errors="0">
  <testcase name="feature" time="22.954" classname="cucumberOptions.TestRunner"/>
  <testcase name="feature" time="24.482" classname="cucumberOptions.TestRunner"/>
</testsuite> <!-- cucumberOptions.TestRunner -->
