<?xml version="1.0" encoding="UTF-8"?>
<!-- Generated by org.testng.reporters.JUnitReportReporter -->
<testsuite skipped="0" hostname="OM-PC" name="com.test.optimus.LoginPage" tests="1" failures="0" timestamp="22 Apr 2020 17:50:43 GMT" time="10.110" errors="0">
  <testcase name="login" time="10.110" classname="com.test.optimus.LoginPage"/>
</testsuite> <!-- com.test.optimus.LoginPage -->
