<?xml version="1.0" encoding="UTF-8"?>
<!-- Generated by org.testng.reporters.JUnitReportReporter -->
<testsuite skipped="0" hostname="OM-PC" name="SampleTest" tests="1" failures="0" timestamp="22 Apr 2020 17:32:05 GMT" time="0.021" errors="0">
  <testcase name="sample" time="0.021" classname="SampleTest"/>
</testsuite> <!-- SampleTest -->
